<?xml version="1.0" encoding="UTF-8"?>
<!-- Generated by org.testng.reporters.JUnitReportReporter -->
<testsuite hostname="DESKTOP-DKJ5MC1" failures="0" tests="2" name="pages.HomePageTest" time="14.813" errors="0" timestamp="2024-07-10T16:51:37 EDT" skipped="0">
  <testcase classname="pages.HomePageTest" name="clickUserIdFieldTest" time="7.072"/>
  <system-out>
    <![CDATA[[[ChromeDriver: chrome on windows (21dc801a502780b7c3891eab303c0b89)] -> name: user-d]<---------> has been clicked<br>
Sleeping ... zZz 4<br>]]>
  </system-out>
  <testcase classname="pages.HomePageTest" name="clickLoginButtonTest" time="7.741"/>
  <system-out/>
</testsuite> <!-- pages.HomePageTest -->
